mode: set
coursera/coursera_hw/hw4_test_coverage/client.go:67.80,71.19 2 1
coursera/coursera_hw/hw4_test_coverage/client.go:74.2,74.20 1 1
coursera/coursera_hw/hw4_test_coverage/client.go:77.2,77.20 1 1
coursera/coursera_hw/hw4_test_coverage/client.go:82.2,94.16 10 1
coursera/coursera_hw/hw4_test_coverage/client.go:100.2,103.25 3 1
coursera/coursera_hw/hw4_test_coverage/client.go:120.2,122.16 3 1
coursera/coursera_hw/hw4_test_coverage/client.go:126.2,127.28 2 1
coursera/coursera_hw/hw4_test_coverage/client.go:134.2,134.21 1 1
coursera/coursera_hw/hw4_test_coverage/client.go:71.19,73.3 1 1
coursera/coursera_hw/hw4_test_coverage/client.go:74.20,76.3 1 1
coursera/coursera_hw/hw4_test_coverage/client.go:77.20,79.3 1 1
coursera/coursera_hw/hw4_test_coverage/client.go:94.16,95.54 1 1
coursera/coursera_hw/hw4_test_coverage/client.go:98.3,98.50 1 0
coursera/coursera_hw/hw4_test_coverage/client.go:95.54,97.4 1 1
coursera/coursera_hw/hw4_test_coverage/client.go:104.31,105.44 1 1
coursera/coursera_hw/hw4_test_coverage/client.go:106.38,107.53 1 0
coursera/coursera_hw/hw4_test_coverage/client.go:108.29,111.17 3 0
coursera/coursera_hw/hw4_test_coverage/client.go:114.3,114.44 1 0
coursera/coursera_hw/hw4_test_coverage/client.go:117.3,117.73 1 0
coursera/coursera_hw/hw4_test_coverage/client.go:111.17,113.4 1 0
coursera/coursera_hw/hw4_test_coverage/client.go:114.44,116.4 1 0
coursera/coursera_hw/hw4_test_coverage/client.go:122.16,124.3 1 0
coursera/coursera_hw/hw4_test_coverage/client.go:127.28,130.3 2 0
coursera/coursera_hw/hw4_test_coverage/client.go:130.8,132.3 1 1
coursera/coursera_hw/hw4_test_coverage/main.go:30.59,33.45 2 1
coursera/coursera_hw/hw4_test_coverage/main.go:37.2,43.16 7 1
coursera/coursera_hw/hw4_test_coverage/main.go:47.2,48.16 2 1
coursera/coursera_hw/hw4_test_coverage/main.go:52.2,55.16 3 1
coursera/coursera_hw/hw4_test_coverage/main.go:59.2,63.16 3 1
coursera/coursera_hw/hw4_test_coverage/main.go:68.2,70.26 3 1
coursera/coursera_hw/hw4_test_coverage/main.go:78.2,80.44 2 1
coursera/coursera_hw/hw4_test_coverage/main.go:86.2,89.16 3 1
coursera/coursera_hw/hw4_test_coverage/main.go:93.2,94.16 2 1
coursera/coursera_hw/hw4_test_coverage/main.go:98.2,98.30 1 1
coursera/coursera_hw/hw4_test_coverage/main.go:33.45,36.3 2 1
coursera/coursera_hw/hw4_test_coverage/main.go:43.16,46.3 2 0
coursera/coursera_hw/hw4_test_coverage/main.go:48.16,51.3 2 0
coursera/coursera_hw/hw4_test_coverage/main.go:55.16,58.3 2 0
coursera/coursera_hw/hw4_test_coverage/main.go:63.16,66.3 2 0
coursera/coursera_hw/hw4_test_coverage/main.go:70.26,72.52 1 1
coursera/coursera_hw/hw4_test_coverage/main.go:72.52,76.4 3 1
coursera/coursera_hw/hw4_test_coverage/main.go:80.44,83.3 2 0
coursera/coursera_hw/hw4_test_coverage/main.go:83.8,83.31 1 1
coursera/coursera_hw/hw4_test_coverage/main.go:83.31,85.3 1 1
coursera/coursera_hw/hw4_test_coverage/main.go:89.16,92.3 2 0
coursera/coursera_hw/hw4_test_coverage/main.go:94.16,97.3 2 0
coursera/coursera_hw/hw4_test_coverage/main.go:101.75,102.18 1 1
coursera/coursera_hw/hw4_test_coverage/main.go:105.2,106.37 2 1
coursera/coursera_hw/hw4_test_coverage/main.go:123.2,123.17 1 1
coursera/coursera_hw/hw4_test_coverage/main.go:128.2,128.12 1 1
coursera/coursera_hw/hw4_test_coverage/main.go:102.18,104.3 1 0
coursera/coursera_hw/hw4_test_coverage/main.go:107.12,108.30 1 0
coursera/coursera_hw/hw4_test_coverage/main.go:109.3,109.30 1 0
coursera/coursera_hw/hw4_test_coverage/main.go:110.13,111.30 1 0
coursera/coursera_hw/hw4_test_coverage/main.go:112.3,112.30 1 0
coursera/coursera_hw/hw4_test_coverage/main.go:113.18,114.30 1 1
coursera/coursera_hw/hw4_test_coverage/main.go:117.3,117.30 1 1
coursera/coursera_hw/hw4_test_coverage/main.go:120.10,121.58 1 0
coursera/coursera_hw/hw4_test_coverage/main.go:108.30,108.66 1 0
coursera/coursera_hw/hw4_test_coverage/main.go:109.30,109.66 1 0
coursera/coursera_hw/hw4_test_coverage/main.go:111.30,111.68 1 0
coursera/coursera_hw/hw4_test_coverage/main.go:112.30,112.68 1 0
coursera/coursera_hw/hw4_test_coverage/main.go:114.30,116.4 1 0
coursera/coursera_hw/hw4_test_coverage/main.go:117.30,119.4 1 0
coursera/coursera_hw/hw4_test_coverage/main.go:123.17,125.3 1 1
coursera/coursera_hw/hw4_test_coverage/main.go:125.8,125.24 1 0
coursera/coursera_hw/hw4_test_coverage/main.go:125.24,127.3 1 0
coursera/coursera_hw/hw4_test_coverage/main.go:131.13,132.79 1 0
coursera/coursera_hw/hw4_test_coverage/main.go:133.2,135.16 3 0
coursera/coursera_hw/hw4_test_coverage/main.go:132.80,132.81 0 0
